<?xml version="1.0" encoding="UTF-8"?>
<!-- Generated by org.testng.reporters.JUnitReportReporter -->
<testsuite skipped="0" hostname="LAPTOP-9SNAFCN3" name="com.actitime.timetrack.Demo" tests="1" failures="0" timestamp="2020-08-10T17:03:51 IST" time="0.055" errors="0">
  <testcase name="runTest" time="0.055" classname="com.actitime.timetrack.Demo"/>
  <system-out>
successfully running successfully running successfully running  </system-out>
</testsuite> <!-- com.actitime.timetrack.Demo -->
